<?xml version="1.0" encoding="utf-8"?><testsuites name="pytest tests"><testsuite name="pytest" errors="0" failures="0" skipped="0" tests="20" time="3.631" timestamp="2026-02-08T12:18:50.388296+00:00" hostname="agent-env-713caa4e-4a96-4bba-bbe4-b7cf7cc5d327"><testcase classname="backend.tests.test_admin_panel_api.TestAdminAuth" name="test_admin_login_success" time="0.285" /><testcase classname="backend.tests.test_admin_panel_api.TestAdminAuth" name="test_admin_login_invalid_code" time="0.039" /><testcase classname="backend.tests.test_admin_panel_api.TestAdminAuth" name="test_admin_login_invalid_password" time="0.263" /><testcase classname="backend.tests.test_admin_panel_api.TestAdminAuth" name="test_admin_get_me_unauthenticated" time="0.038" /><testcase classname="backend.tests.test_admin_panel_api.TestAdminDashboard" name="test_dashboard_stats" time="0.312" /><testcase classname="backend.tests.test_admin_panel_api.TestAdminDashboard" name="test_dashboard_revenue_chart" time="0.039" /><testcase classname="backend.tests.test_admin_panel_api.TestAdminDashboard" name="test_dashboard_users_chart" time="0.041" /><testcase classname="backend.tests.test_admin_panel_api.TestAdminDashboard" name="test_dashboard_ai_usage_chart" time="0.038" /><testcase classname="backend.tests.test_admin_panel_api.TestAdminUsers" name="test_get_all_users" time="0.328" /><testcase classname="backend.tests.test_admin_panel_api.TestAdminUsers" name="test_get_users_with_search" time="0.058" /><testcase classname="backend.tests.test_admin_panel_api.TestAdminUsers" name="test_get_users_with_plan_filter" time="0.063" /><testcase classname="backend.tests.test_admin_panel_api.TestAdminPlans" name="test_get_all_plans" time="0.303" /><testcase classname="backend.tests.test_admin_panel_api.TestAdminRevenue" name="test_revenue_stats" time="0.309" /><testcase classname="backend.tests.test_admin_panel_api.TestAdminAIUsage" name="test_ai_usage_stats" time="0.323" /><testcase classname="backend.tests.test_admin_panel_api.TestAdminLogs" name="test_get_logs" time="0.305" /><testcase classname="backend.tests.test_admin_panel_api.TestAdminLogs" name="test_get_logs_with_action_filter" time="0.041" /><testcase classname="backend.tests.test_admin_panel_api.TestAdminSettings" name="test_get_settings" time="0.305" /><testcase classname="backend.tests.test_admin_panel_api.TestUser2FA" name="test_2fa_status" time="0.342" /><testcase classname="backend.tests.test_admin_panel_api.TestUser2FA" name="test_2fa_backup_codes_count" time="0.039" /><testcase classname="backend.tests.test_admin_panel_api.TestAdminWebSocket" name="test_websocket_endpoint_exists" time="0.040" /></testsuite></testsuites>