<?xml version="1.0" encoding="utf-8"?><testsuites name="pytest tests"><testsuite name="pytest" errors="0" failures="0" skipped="0" tests="25" time="7.387" timestamp="2026-02-08T15:25:14.534918+00:00" hostname="agent-env-7f3427ac-0747-4881-add8-471347e79c5a"><testcase classname="backend.tests.test_email_automation.TestEmailTemplatesAPI" name="test_get_all_templates_public" time="0.087" /><testcase classname="backend.tests.test_email_automation.TestEmailTemplatesAPI" name="test_get_single_template" time="0.037" /><testcase classname="backend.tests.test_email_automation.TestEmailTemplatesAPI" name="test_get_invalid_template" time="0.040" /><testcase classname="backend.tests.test_email_automation.TestEmailTemplatesAPI" name="test_toggle_template_requires_auth" time="0.044" /><testcase classname="backend.tests.test_email_automation.TestEmailTemplatesAPI" name="test_toggle_template_with_auth" time="0.339" /><testcase classname="backend.tests.test_email_automation.TestEmailStatsAPI" name="test_stats_requires_auth" time="0.037" /><testcase classname="backend.tests.test_email_automation.TestEmailStatsAPI" name="test_get_stats_with_auth" time="0.355" /><testcase classname="backend.tests.test_email_automation.TestEmailLogsAPI" name="test_logs_requires_auth" time="0.077" /><testcase classname="backend.tests.test_email_automation.TestEmailLogsAPI" name="test_get_logs_with_auth" time="0.280" /><testcase classname="backend.tests.test_email_automation.TestEmailLogsAPI" name="test_get_logs_with_filter" time="0.012" /><testcase classname="backend.tests.test_email_automation.TestEmailLogsAPI" name="test_get_logs_with_status_filter" time="0.013" /><testcase classname="backend.tests.test_email_automation.TestSendTestEmailAPI" name="test_send_test_requires_auth" time="0.043" /><testcase classname="backend.tests.test_email_automation.TestSendTestEmailAPI" name="test_send_test_invalid_template" time="0.284" /><testcase classname="backend.tests.test_email_automation.TestSendTestEmailAPI" name="test_send_test_email_with_auth" time="0.250" /><testcase classname="backend.tests.test_email_automation.TestScheduledTasksAPI" name="test_run_scheduled_tasks" time="0.275" /><testcase classname="backend.tests.test_email_automation.TestScheduledTasksAPI" name="test_run_weekly_digest" time="4.758" /><testcase classname="backend.tests.test_email_automation.TestEmailTemplateContent" name="test_template_has_required_fields[welcome]" time="0.060" /><testcase classname="backend.tests.test_email_automation.TestEmailTemplateContent" name="test_template_has_required_fields[subscription_activated]" time="0.037" /><testcase classname="backend.tests.test_email_automation.TestEmailTemplateContent" name="test_template_has_required_fields[renewal_reminder_7day]" time="0.036" /><testcase classname="backend.tests.test_email_automation.TestEmailTemplateContent" name="test_template_has_required_fields[renewal_reminder_3day]" time="0.040" /><testcase classname="backend.tests.test_email_automation.TestEmailTemplateContent" name="test_template_has_required_fields[credits_low]" time="0.038" /><testcase classname="backend.tests.test_email_automation.TestEmailTemplateContent" name="test_template_has_required_fields[subscription_cancelled]" time="0.042" /><testcase classname="backend.tests.test_email_automation.TestEmailTemplateContent" name="test_template_has_required_fields[weekly_digest]" time="0.039" /><testcase classname="backend.tests.test_email_automation.TestEmailTemplateContent" name="test_template_has_required_fields[inactivity_reminder]" time="0.034" /><testcase classname="backend.tests.test_email_automation.TestEmailTemplateContent" name="test_template_has_required_fields[referral_reward]" time="0.040" /></testsuite></testsuites>