<?xml version="1.0" encoding="utf-8"?><testsuites name="pytest tests"><testsuite name="pytest" errors="0" failures="0" skipped="6" tests="19" time="4.436" timestamp="2026-02-08T15:05:25.811413+00:00" hostname="agent-env-7f3427ac-0747-4881-add8-471347e79c5a"><testcase classname="backend.tests.test_new_features.TestCreditsAPI" name="test_get_credits_costs_public" time="0.377" /><testcase classname="backend.tests.test_new_features.TestCreditsAPI" name="test_get_user_credits" time="0.316" /><testcase classname="backend.tests.test_new_features.TestCreditsAPI" name="test_get_credits_history" time="0.278" /><testcase classname="backend.tests.test_new_features.TestReferralAPI" name="test_get_or_create_referral_code" time="0.292" /><testcase classname="backend.tests.test_new_features.TestReferralAPI" name="test_get_referral_stats" time="0.313" /><testcase classname="backend.tests.test_new_features.TestReferralAPI" name="test_track_referral_click" time="0.318" /><testcase classname="backend.tests.test_new_features.TestAnnouncementsAPI" name="test_get_active_announcements" time="0.278" /><testcase classname="backend.tests.test_new_features.TestAnnouncementsAPI" name="test_get_unread_announcements" time="0.271" /><testcase classname="backend.tests.test_new_features.TestSupportTicketsAPI" name="test_create_support_ticket" time="0.577" /><testcase classname="backend.tests.test_new_features.TestSupportTicketsAPI" name="test_get_user_tickets" time="0.276" /><testcase classname="backend.tests.test_new_features.TestSupportTicketsAPI" name="test_get_specific_ticket" time="0.273" /><testcase classname="backend.tests.test_new_features.TestSupportTicketsAPI" name="test_reply_to_ticket" time="0.281" /><testcase classname="backend.tests.test_new_features.TestSupportTicketsAPI" name="test_close_ticket" time="0.273" /><testcase classname="backend.tests.test_new_features.TestAdminReferralsAPI" name="test_admin_referral_overview" time="0.038"><skipped type="pytest.skip" message="Admin login failed">/app/backend/tests/test_new_features.py:279: Admin login failed</skipped></testcase><testcase classname="backend.tests.test_new_features.TestAdminReferralsAPI" name="test_admin_get_payouts" time="0.050"><skipped type="pytest.skip" message="Admin login failed">/app/backend/tests/test_new_features.py:291: Admin login failed</skipped></testcase><testcase classname="backend.tests.test_new_features.TestAdminAnnouncementsAPI" name="test_admin_get_all_announcements" time="0.032"><skipped type="pytest.skip" message="Admin login failed">/app/backend/tests/test_new_features.py:316: Admin login failed</skipped></testcase><testcase classname="backend.tests.test_new_features.TestAdminAnnouncementsAPI" name="test_admin_create_announcement" time="0.035"><skipped type="pytest.skip" message="Admin login failed">/app/backend/tests/test_new_features.py:325: Admin login failed</skipped></testcase><testcase classname="backend.tests.test_new_features.TestAdminAnnouncementsAPI" name="test_admin_update_announcement" time="0.036"><skipped type="pytest.skip" message="Admin login failed">/app/backend/tests/test_new_features.py:347: Admin login failed</skipped></testcase><testcase classname="backend.tests.test_new_features.TestAdminAnnouncementsAPI" name="test_admin_delete_announcement" time="0.038"><skipped type="pytest.skip" message="Admin login failed">/app/backend/tests/test_new_features.py:360: Admin login failed</skipped></testcase></testsuite></testsuites>