<?xml version="1.0" encoding="utf-8"?><testsuites name="pytest tests"><testsuite name="pytest" errors="0" failures="0" skipped="0" tests="19" time="5.992" timestamp="2026-02-08T15:06:07.294420+00:00" hostname="agent-env-7f3427ac-0747-4881-add8-471347e79c5a"><testcase classname="backend.tests.test_new_features.TestCreditsAPI" name="test_get_credits_costs_public" time="0.392" /><testcase classname="backend.tests.test_new_features.TestCreditsAPI" name="test_get_user_credits" time="0.278" /><testcase classname="backend.tests.test_new_features.TestCreditsAPI" name="test_get_credits_history" time="0.273" /><testcase classname="backend.tests.test_new_features.TestReferralAPI" name="test_get_or_create_referral_code" time="0.278" /><testcase classname="backend.tests.test_new_features.TestReferralAPI" name="test_get_referral_stats" time="0.276" /><testcase classname="backend.tests.test_new_features.TestReferralAPI" name="test_track_referral_click" time="0.319" /><testcase classname="backend.tests.test_new_features.TestAnnouncementsAPI" name="test_get_active_announcements" time="0.273" /><testcase classname="backend.tests.test_new_features.TestAnnouncementsAPI" name="test_get_unread_announcements" time="0.314" /><testcase classname="backend.tests.test_new_features.TestSupportTicketsAPI" name="test_create_support_ticket" time="0.530" /><testcase classname="backend.tests.test_new_features.TestSupportTicketsAPI" name="test_get_user_tickets" time="0.267" /><testcase classname="backend.tests.test_new_features.TestSupportTicketsAPI" name="test_get_specific_ticket" time="0.271" /><testcase classname="backend.tests.test_new_features.TestSupportTicketsAPI" name="test_reply_to_ticket" time="0.274" /><testcase classname="backend.tests.test_new_features.TestSupportTicketsAPI" name="test_close_ticket" time="0.275" /><testcase classname="backend.tests.test_new_features.TestAdminReferralsAPI" name="test_admin_referral_overview" time="0.302" /><testcase classname="backend.tests.test_new_features.TestAdminReferralsAPI" name="test_admin_get_payouts" time="0.310" /><testcase classname="backend.tests.test_new_features.TestAdminAnnouncementsAPI" name="test_admin_get_all_announcements" time="0.302" /><testcase classname="backend.tests.test_new_features.TestAdminAnnouncementsAPI" name="test_admin_create_announcement" time="0.325" /><testcase classname="backend.tests.test_new_features.TestAdminAnnouncementsAPI" name="test_admin_update_announcement" time="0.346" /><testcase classname="backend.tests.test_new_features.TestAdminAnnouncementsAPI" name="test_admin_delete_announcement" time="0.300" /></testsuite></testsuites>