<?xml version="1.0" encoding="utf-8"?><testsuites name="pytest tests"><testsuite name="pytest" errors="0" failures="1" skipped="0" tests="22" time="80.156" timestamp="2026-02-08T05:16:02.803881+00:00" hostname="agent-env-9e14cd8b-5603-4b9a-86ab-87a00eea91a3"><testcase classname="tests.test_instagrowth_api.TestAPIHealth" name="test_api_root" time="0.067" /><testcase classname="tests.test_instagrowth_api.TestAPIHealth" name="test_subscription_plans" time="0.040"><failure message="assert 404 == 200&#10; +  where 404 = &lt;Response [404]&gt;.status_code">tests/test_instagrowth_api.py:36: in test_subscription_plans
    assert response.status_code == 200
E   assert 404 == 200
E    +  where 404 = &lt;Response [404]&gt;.status_code</failure></testcase><testcase classname="tests.test_instagrowth_api.TestAuthentication" name="test_user_registration" time="0.269" /><testcase classname="tests.test_instagrowth_api.TestAuthentication" name="test_user_login" time="0.233" /><testcase classname="tests.test_instagrowth_api.TestAuthentication" name="test_get_current_user" time="0.242" /><testcase classname="tests.test_instagrowth_api.TestAuthentication" name="test_login_invalid_credentials" time="0.008" /><testcase classname="tests.test_instagrowth_api.TestInstagramAccounts" name="test_create_instagram_account" time="5.287" /><testcase classname="tests.test_instagrowth_api.TestInstagramAccounts" name="test_get_accounts" time="0.012" /><testcase classname="tests.test_instagrowth_api.TestDMTemplates" name="test_create_dm_template" time="0.300" /><testcase classname="tests.test_instagrowth_api.TestDMTemplates" name="test_get_dm_templates" time="0.020" /><testcase classname="tests.test_instagrowth_api.TestDMTemplates" name="test_get_dm_templates_by_category" time="0.008" /><testcase classname="tests.test_instagrowth_api.TestDMTemplates" name="test_delete_dm_template" time="0.018" /><testcase classname="tests.test_instagrowth_api.TestCompetitorAnalysis" name="test_run_competitor_analysis" time="37.715" /><testcase classname="tests.test_instagrowth_api.TestCompetitorAnalysis" name="test_get_competitor_analyses" time="0.008" /><testcase classname="tests.test_instagrowth_api.TestABTesting" name="test_create_ab_test" time="2.298" /><testcase classname="tests.test_instagrowth_api.TestABTesting" name="test_vote_on_ab_test" time="0.056" /><testcase classname="tests.test_instagrowth_api.TestABTesting" name="test_get_ab_tests" time="0.006" /><testcase classname="tests.test_instagrowth_api.TestContentEngine" name="test_generate_content_hooks" time="9.635" /><testcase classname="tests.test_instagrowth_api.TestContentEngine" name="test_get_content_items" time="0.009" /><testcase classname="tests.test_instagrowth_api.TestAIAudit" name="test_run_ai_audit" time="23.509" /><testcase classname="tests.test_instagrowth_api.TestAIAudit" name="test_get_audits" time="0.011" /><testcase classname="tests.test_instagrowth_api.TestLogout" name="test_logout" time="0.303" /></testsuite></testsuites>